21:49:29.676 [main] INFO  Main - Starting PSSNG Cache Service..
21:49:29.726 [main] INFO  it.pssng.cache.kafka.KafkaStringConsumer - Kafka consumer [String] initialized
21:50:48.727 [main] INFO  Main - Starting PSSNG Cache Service..
21:50:48.746 [main] INFO  org.apache.kafka.clients.consumer.ConsumerConfig - ConsumerConfig values: 
	allow.auto.create.topics = true
	auto.commit.interval.ms = 5000
	auto.include.jmx.reporter = true
	auto.offset.reset = earliest
	bootstrap.servers = [localhost:9092]
	check.crcs = true
	client.dns.lookup = use_all_dns_ips
	client.id = consumer-my-group-1
	client.rack = 
	connections.max.idle.ms = 540000
	default.api.timeout.ms = 60000
	enable.auto.commit = true
	exclude.internal.topics = true
	fetch.max.bytes = 52428800
	fetch.max.wait.ms = 500
	fetch.min.bytes = 1
	group.id = my-group
	group.instance.id = null
	heartbeat.interval.ms = 3000
	interceptor.classes = []
	internal.leave.group.on.close = true
	internal.throw.on.fetch.stable.offset.unsupported = false
	isolation.level = read_uncommitted
	key.deserializer = class org.apache.kafka.common.serialization.StringDeserializer
	max.partition.fetch.bytes = 1048576
	max.poll.interval.ms = 300000
	max.poll.records = 500
	metadata.max.age.ms = 300000
	metric.reporters = []
	metrics.num.samples = 2
	metrics.recording.level = INFO
	metrics.sample.window.ms = 30000
	partition.assignment.strategy = [class org.apache.kafka.clients.consumer.RangeAssignor, class org.apache.kafka.clients.consumer.CooperativeStickyAssignor]
	receive.buffer.bytes = 65536
	reconnect.backoff.max.ms = 1000
	reconnect.backoff.ms = 50
	request.timeout.ms = 30000
	retry.backoff.ms = 100
	sasl.client.callback.handler.class = null
	sasl.jaas.config = null
	sasl.kerberos.kinit.cmd = /usr/bin/kinit
	sasl.kerberos.min.time.before.relogin = 60000
	sasl.kerberos.service.name = null
	sasl.kerberos.ticket.renew.jitter = 0.05
	sasl.kerberos.ticket.renew.window.factor = 0.8
	sasl.login.callback.handler.class = null
	sasl.login.class = null
	sasl.login.connect.timeout.ms = null
	sasl.login.read.timeout.ms = null
	sasl.login.refresh.buffer.seconds = 300
	sasl.login.refresh.min.period.seconds = 60
	sasl.login.refresh.window.factor = 0.8
	sasl.login.refresh.window.jitter = 0.05
	sasl.login.retry.backoff.max.ms = 10000
	sasl.login.retry.backoff.ms = 100
	sasl.mechanism = GSSAPI
	sasl.oauthbearer.clock.skew.seconds = 30
	sasl.oauthbearer.expected.audience = null
	sasl.oauthbearer.expected.issuer = null
	sasl.oauthbearer.jwks.endpoint.refresh.ms = 3600000
	sasl.oauthbearer.jwks.endpoint.retry.backoff.max.ms = 10000
	sasl.oauthbearer.jwks.endpoint.retry.backoff.ms = 100
	sasl.oauthbearer.jwks.endpoint.url = null
	sasl.oauthbearer.scope.claim.name = scope
	sasl.oauthbearer.sub.claim.name = sub
	sasl.oauthbearer.token.endpoint.url = null
	security.protocol = PLAINTEXT
	security.providers = null
	send.buffer.bytes = 131072
	session.timeout.ms = 45000
	socket.connection.setup.timeout.max.ms = 30000
	socket.connection.setup.timeout.ms = 10000
	ssl.cipher.suites = null
	ssl.enabled.protocols = [TLSv1.2, TLSv1.3]
	ssl.endpoint.identification.algorithm = https
	ssl.engine.factory.class = null
	ssl.key.password = null
	ssl.keymanager.algorithm = SunX509
	ssl.keystore.certificate.chain = null
	ssl.keystore.key = null
	ssl.keystore.location = null
	ssl.keystore.password = null
	ssl.keystore.type = JKS
	ssl.protocol = TLSv1.3
	ssl.provider = null
	ssl.secure.random.implementation = null
	ssl.trustmanager.algorithm = PKIX
	ssl.truststore.certificates = null
	ssl.truststore.location = null
	ssl.truststore.password = null
	ssl.truststore.type = JKS
	value.deserializer = class org.apache.kafka.common.serialization.StringDeserializer

21:50:48.791 [main] INFO  org.apache.kafka.common.utils.AppInfoParser - Kafka version: 3.6.2
21:50:48.791 [main] INFO  org.apache.kafka.common.utils.AppInfoParser - Kafka commitId: c4deed513057c94e
21:50:48.791 [main] INFO  org.apache.kafka.common.utils.AppInfoParser - Kafka startTimeMs: 1718826648786
21:50:48.792 [main] INFO  org.apache.kafka.clients.consumer.KafkaConsumer - [Consumer clientId=consumer-my-group-1, groupId=my-group] Subscribed to topic(s): my-topic
21:50:48.792 [main] INFO  it.pssng.cache.kafka.KafkaStringConsumer - Kafka consumer [String] initialized
21:50:48.792 [main] INFO  it.pssng.cache.kafka.KafkaStringConsumer - Kafka [String] is listening..
21:50:48.871 [main] INFO  org.apache.kafka.clients.NetworkClient - [Consumer clientId=consumer-my-group-1, groupId=my-group] Node -1 disconnected.
21:50:48.872 [main] WARN  org.apache.kafka.clients.NetworkClient - [Consumer clientId=consumer-my-group-1, groupId=my-group] Connection to node -1 (localhost/127.0.0.1:9092) could not be established. Broker may not be available.
21:50:48.872 [main] WARN  org.apache.kafka.clients.NetworkClient - [Consumer clientId=consumer-my-group-1, groupId=my-group] Bootstrap broker localhost:9092 (id: -1 rack: null) disconnected
21:50:48.973 [main] INFO  org.apache.kafka.clients.NetworkClient - [Consumer clientId=consumer-my-group-1, groupId=my-group] Node -1 disconnected.
21:50:48.973 [main] WARN  org.apache.kafka.clients.NetworkClient - [Consumer clientId=consumer-my-group-1, groupId=my-group] Connection to node -1 (localhost/127.0.0.1:9092) could not be established. Broker may not be available.
21:50:48.974 [main] WARN  org.apache.kafka.clients.NetworkClient - [Consumer clientId=consumer-my-group-1, groupId=my-group] Bootstrap broker localhost:9092 (id: -1 rack: null) disconnected
21:50:49.075 [main] INFO  org.apache.kafka.clients.NetworkClient - [Consumer clientId=consumer-my-group-1, groupId=my-group] Node -1 disconnected.
21:50:49.075 [main] WARN  org.apache.kafka.clients.NetworkClient - [Consumer clientId=consumer-my-group-1, groupId=my-group] Connection to node -1 (localhost/127.0.0.1:9092) could not be established. Broker may not be available.
21:50:49.075 [main] WARN  org.apache.kafka.clients.NetworkClient - [Consumer clientId=consumer-my-group-1, groupId=my-group] Bootstrap broker localhost:9092 (id: -1 rack: null) disconnected
21:50:49.332 [main] INFO  org.apache.kafka.clients.NetworkClient - [Consumer clientId=consumer-my-group-1, groupId=my-group] Node -1 disconnected.
21:50:49.333 [main] WARN  org.apache.kafka.clients.NetworkClient - [Consumer clientId=consumer-my-group-1, groupId=my-group] Connection to node -1 (localhost/127.0.0.1:9092) could not be established. Broker may not be available.
21:50:49.333 [main] WARN  org.apache.kafka.clients.NetworkClient - [Consumer clientId=consumer-my-group-1, groupId=my-group] Bootstrap broker localhost:9092 (id: -1 rack: null) disconnected
21:50:49.740 [main] INFO  org.apache.kafka.clients.NetworkClient - [Consumer clientId=consumer-my-group-1, groupId=my-group] Node -1 disconnected.
21:50:49.740 [main] WARN  org.apache.kafka.clients.NetworkClient - [Consumer clientId=consumer-my-group-1, groupId=my-group] Connection to node -1 (localhost/127.0.0.1:9092) could not be established. Broker may not be available.
21:50:49.740 [main] WARN  org.apache.kafka.clients.NetworkClient - [Consumer clientId=consumer-my-group-1, groupId=my-group] Bootstrap broker localhost:9092 (id: -1 rack: null) disconnected
21:50:50.663 [main] INFO  org.apache.kafka.clients.NetworkClient - [Consumer clientId=consumer-my-group-1, groupId=my-group] Node -1 disconnected.
21:50:50.664 [main] WARN  org.apache.kafka.clients.NetworkClient - [Consumer clientId=consumer-my-group-1, groupId=my-group] Connection to node -1 (localhost/127.0.0.1:9092) could not be established. Broker may not be available.
21:50:50.665 [main] WARN  org.apache.kafka.clients.NetworkClient - [Consumer clientId=consumer-my-group-1, groupId=my-group] Bootstrap broker localhost:9092 (id: -1 rack: null) disconnected
21:50:51.852 [main] INFO  org.apache.kafka.clients.NetworkClient - [Consumer clientId=consumer-my-group-1, groupId=my-group] Node -1 disconnected.
21:50:51.853 [main] WARN  org.apache.kafka.clients.NetworkClient - [Consumer clientId=consumer-my-group-1, groupId=my-group] Connection to node -1 (localhost/127.0.0.1:9092) could not be established. Broker may not be available.
21:50:51.853 [main] WARN  org.apache.kafka.clients.NetworkClient - [Consumer clientId=consumer-my-group-1, groupId=my-group] Bootstrap broker localhost:9092 (id: -1 rack: null) disconnected
21:50:52.854 [main] INFO  org.apache.kafka.clients.NetworkClient - [Consumer clientId=consumer-my-group-1, groupId=my-group] Node -1 disconnected.
21:50:52.855 [main] WARN  org.apache.kafka.clients.NetworkClient - [Consumer clientId=consumer-my-group-1, groupId=my-group] Connection to node -1 (localhost/127.0.0.1:9092) could not be established. Broker may not be available.
21:50:52.855 [main] WARN  org.apache.kafka.clients.NetworkClient - [Consumer clientId=consumer-my-group-1, groupId=my-group] Bootstrap broker localhost:9092 (id: -1 rack: null) disconnected
21:50:53.905 [main] INFO  org.apache.kafka.clients.NetworkClient - [Consumer clientId=consumer-my-group-1, groupId=my-group] Node -1 disconnected.
21:50:53.905 [main] WARN  org.apache.kafka.clients.NetworkClient - [Consumer clientId=consumer-my-group-1, groupId=my-group] Connection to node -1 (localhost/127.0.0.1:9092) could not be established. Broker may not be available.
21:50:53.905 [main] WARN  org.apache.kafka.clients.NetworkClient - [Consumer clientId=consumer-my-group-1, groupId=my-group] Bootstrap broker localhost:9092 (id: -1 rack: null) disconnected
21:50:55.112 [main] INFO  org.apache.kafka.clients.NetworkClient - [Consumer clientId=consumer-my-group-1, groupId=my-group] Node -1 disconnected.
21:50:55.112 [main] WARN  org.apache.kafka.clients.NetworkClient - [Consumer clientId=consumer-my-group-1, groupId=my-group] Connection to node -1 (localhost/127.0.0.1:9092) could not be established. Broker may not be available.
21:50:55.113 [main] WARN  org.apache.kafka.clients.NetworkClient - [Consumer clientId=consumer-my-group-1, groupId=my-group] Bootstrap broker localhost:9092 (id: -1 rack: null) disconnected
21:50:56.165 [main] INFO  org.apache.kafka.clients.NetworkClient - [Consumer clientId=consumer-my-group-1, groupId=my-group] Node -1 disconnected.
21:50:56.166 [main] WARN  org.apache.kafka.clients.NetworkClient - [Consumer clientId=consumer-my-group-1, groupId=my-group] Connection to node -1 (localhost/127.0.0.1:9092) could not be established. Broker may not be available.
21:50:56.166 [main] WARN  org.apache.kafka.clients.NetworkClient - [Consumer clientId=consumer-my-group-1, groupId=my-group] Bootstrap broker localhost:9092 (id: -1 rack: null) disconnected
21:50:57.371 [main] INFO  org.apache.kafka.clients.NetworkClient - [Consumer clientId=consumer-my-group-1, groupId=my-group] Node -1 disconnected.
21:50:57.371 [main] WARN  org.apache.kafka.clients.NetworkClient - [Consumer clientId=consumer-my-group-1, groupId=my-group] Connection to node -1 (localhost/127.0.0.1:9092) could not be established. Broker may not be available.
21:50:57.372 [main] WARN  org.apache.kafka.clients.NetworkClient - [Consumer clientId=consumer-my-group-1, groupId=my-group] Bootstrap broker localhost:9092 (id: -1 rack: null) disconnected
21:50:58.371 [main] INFO  org.apache.kafka.clients.NetworkClient - [Consumer clientId=consumer-my-group-1, groupId=my-group] Node -1 disconnected.
21:50:58.371 [main] WARN  org.apache.kafka.clients.NetworkClient - [Consumer clientId=consumer-my-group-1, groupId=my-group] Connection to node -1 (localhost/127.0.0.1:9092) could not be established. Broker may not be available.
21:50:58.371 [main] WARN  org.apache.kafka.clients.NetworkClient - [Consumer clientId=consumer-my-group-1, groupId=my-group] Bootstrap broker localhost:9092 (id: -1 rack: null) disconnected
21:50:59.526 [main] INFO  org.apache.kafka.clients.NetworkClient - [Consumer clientId=consumer-my-group-1, groupId=my-group] Node -1 disconnected.
21:50:59.527 [main] WARN  org.apache.kafka.clients.NetworkClient - [Consumer clientId=consumer-my-group-1, groupId=my-group] Connection to node -1 (localhost/127.0.0.1:9092) could not be established. Broker may not be available.
21:50:59.527 [main] WARN  org.apache.kafka.clients.NetworkClient - [Consumer clientId=consumer-my-group-1, groupId=my-group] Bootstrap broker localhost:9092 (id: -1 rack: null) disconnected
21:51:00.530 [main] INFO  org.apache.kafka.clients.NetworkClient - [Consumer clientId=consumer-my-group-1, groupId=my-group] Node -1 disconnected.
21:51:00.531 [main] WARN  org.apache.kafka.clients.NetworkClient - [Consumer clientId=consumer-my-group-1, groupId=my-group] Connection to node -1 (localhost/127.0.0.1:9092) could not be established. Broker may not be available.
21:51:00.531 [main] WARN  org.apache.kafka.clients.NetworkClient - [Consumer clientId=consumer-my-group-1, groupId=my-group] Bootstrap broker localhost:9092 (id: -1 rack: null) disconnected
21:51:01.735 [main] INFO  org.apache.kafka.clients.NetworkClient - [Consumer clientId=consumer-my-group-1, groupId=my-group] Node -1 disconnected.
21:51:01.736 [main] WARN  org.apache.kafka.clients.NetworkClient - [Consumer clientId=consumer-my-group-1, groupId=my-group] Connection to node -1 (localhost/127.0.0.1:9092) could not be established. Broker may not be available.
21:51:01.737 [main] WARN  org.apache.kafka.clients.NetworkClient - [Consumer clientId=consumer-my-group-1, groupId=my-group] Bootstrap broker localhost:9092 (id: -1 rack: null) disconnected
21:51:02.809 [main] INFO  org.apache.kafka.clients.NetworkClient - [Consumer clientId=consumer-my-group-1, groupId=my-group] Node -1 disconnected.
21:51:02.810 [main] WARN  org.apache.kafka.clients.NetworkClient - [Consumer clientId=consumer-my-group-1, groupId=my-group] Connection to node -1 (localhost/127.0.0.1:9092) could not be established. Broker may not be available.
21:51:02.810 [main] WARN  org.apache.kafka.clients.NetworkClient - [Consumer clientId=consumer-my-group-1, groupId=my-group] Bootstrap broker localhost:9092 (id: -1 rack: null) disconnected
21:51:03.921 [main] INFO  org.apache.kafka.clients.NetworkClient - [Consumer clientId=consumer-my-group-1, groupId=my-group] Node -1 disconnected.
21:51:03.921 [main] WARN  org.apache.kafka.clients.NetworkClient - [Consumer clientId=consumer-my-group-1, groupId=my-group] Connection to node -1 (localhost/127.0.0.1:9092) could not be established. Broker may not be available.
21:51:03.922 [main] WARN  org.apache.kafka.clients.NetworkClient - [Consumer clientId=consumer-my-group-1, groupId=my-group] Bootstrap broker localhost:9092 (id: -1 rack: null) disconnected
21:51:05.024 [main] INFO  org.apache.kafka.clients.NetworkClient - [Consumer clientId=consumer-my-group-1, groupId=my-group] Node -1 disconnected.
21:51:05.025 [main] WARN  org.apache.kafka.clients.NetworkClient - [Consumer clientId=consumer-my-group-1, groupId=my-group] Connection to node -1 (localhost/127.0.0.1:9092) could not be established. Broker may not be available.
21:51:05.025 [main] WARN  org.apache.kafka.clients.NetworkClient - [Consumer clientId=consumer-my-group-1, groupId=my-group] Bootstrap broker localhost:9092 (id: -1 rack: null) disconnected
21:51:05.872 [main] INFO  org.apache.kafka.clients.NetworkClient - [Consumer clientId=consumer-my-group-1, groupId=my-group] Node -1 disconnected.
21:51:05.872 [main] WARN  org.apache.kafka.clients.NetworkClient - [Consumer clientId=consumer-my-group-1, groupId=my-group] Connection to node -1 (localhost/127.0.0.1:9092) could not be established. Broker may not be available.
21:51:05.872 [main] WARN  org.apache.kafka.clients.NetworkClient - [Consumer clientId=consumer-my-group-1, groupId=my-group] Bootstrap broker localhost:9092 (id: -1 rack: null) disconnected
21:51:06.875 [main] INFO  org.apache.kafka.clients.NetworkClient - [Consumer clientId=consumer-my-group-1, groupId=my-group] Node -1 disconnected.
21:51:06.876 [main] WARN  org.apache.kafka.clients.NetworkClient - [Consumer clientId=consumer-my-group-1, groupId=my-group] Connection to node -1 (localhost/127.0.0.1:9092) could not be established. Broker may not be available.
21:51:06.876 [main] WARN  org.apache.kafka.clients.NetworkClient - [Consumer clientId=consumer-my-group-1, groupId=my-group] Bootstrap broker localhost:9092 (id: -1 rack: null) disconnected
21:53:26.858 [main] INFO  Main - Starting PSSNG Cache Service..
21:53:26.876 [main] INFO  org.apache.kafka.clients.consumer.ConsumerConfig - ConsumerConfig values: 
	allow.auto.create.topics = true
	auto.commit.interval.ms = 5000
	auto.include.jmx.reporter = true
	auto.offset.reset = earliest
	bootstrap.servers = [localhost:9999]
	check.crcs = true
	client.dns.lookup = use_all_dns_ips
	client.id = consumer-pssng-1
	client.rack = 
	connections.max.idle.ms = 540000
	default.api.timeout.ms = 60000
	enable.auto.commit = true
	exclude.internal.topics = true
	fetch.max.bytes = 52428800
	fetch.max.wait.ms = 500
	fetch.min.bytes = 1
	group.id = pssng
	group.instance.id = null
	heartbeat.interval.ms = 3000
	interceptor.classes = []
	internal.leave.group.on.close = true
	internal.throw.on.fetch.stable.offset.unsupported = false
	isolation.level = read_uncommitted
	key.deserializer = class org.apache.kafka.common.serialization.StringDeserializer
	max.partition.fetch.bytes = 1048576
	max.poll.interval.ms = 300000
	max.poll.records = 500
	metadata.max.age.ms = 300000
	metric.reporters = []
	metrics.num.samples = 2
	metrics.recording.level = INFO
	metrics.sample.window.ms = 30000
	partition.assignment.strategy = [class org.apache.kafka.clients.consumer.RangeAssignor, class org.apache.kafka.clients.consumer.CooperativeStickyAssignor]
	receive.buffer.bytes = 65536
	reconnect.backoff.max.ms = 1000
	reconnect.backoff.ms = 50
	request.timeout.ms = 30000
	retry.backoff.ms = 100
	sasl.client.callback.handler.class = null
	sasl.jaas.config = null
	sasl.kerberos.kinit.cmd = /usr/bin/kinit
	sasl.kerberos.min.time.before.relogin = 60000
	sasl.kerberos.service.name = null
	sasl.kerberos.ticket.renew.jitter = 0.05
	sasl.kerberos.ticket.renew.window.factor = 0.8
	sasl.login.callback.handler.class = null
	sasl.login.class = null
	sasl.login.connect.timeout.ms = null
	sasl.login.read.timeout.ms = null
	sasl.login.refresh.buffer.seconds = 300
	sasl.login.refresh.min.period.seconds = 60
	sasl.login.refresh.window.factor = 0.8
	sasl.login.refresh.window.jitter = 0.05
	sasl.login.retry.backoff.max.ms = 10000
	sasl.login.retry.backoff.ms = 100
	sasl.mechanism = GSSAPI
	sasl.oauthbearer.clock.skew.seconds = 30
	sasl.oauthbearer.expected.audience = null
	sasl.oauthbearer.expected.issuer = null
	sasl.oauthbearer.jwks.endpoint.refresh.ms = 3600000
	sasl.oauthbearer.jwks.endpoint.retry.backoff.max.ms = 10000
	sasl.oauthbearer.jwks.endpoint.retry.backoff.ms = 100
	sasl.oauthbearer.jwks.endpoint.url = null
	sasl.oauthbearer.scope.claim.name = scope
	sasl.oauthbearer.sub.claim.name = sub
	sasl.oauthbearer.token.endpoint.url = null
	security.protocol = PLAINTEXT
	security.providers = null
	send.buffer.bytes = 131072
	session.timeout.ms = 45000
	socket.connection.setup.timeout.max.ms = 30000
	socket.connection.setup.timeout.ms = 10000
	ssl.cipher.suites = null
	ssl.enabled.protocols = [TLSv1.2, TLSv1.3]
	ssl.endpoint.identification.algorithm = https
	ssl.engine.factory.class = null
	ssl.key.password = null
	ssl.keymanager.algorithm = SunX509
	ssl.keystore.certificate.chain = null
	ssl.keystore.key = null
	ssl.keystore.location = null
	ssl.keystore.password = null
	ssl.keystore.type = JKS
	ssl.protocol = TLSv1.3
	ssl.provider = null
	ssl.secure.random.implementation = null
	ssl.trustmanager.algorithm = PKIX
	ssl.truststore.certificates = null
	ssl.truststore.location = null
	ssl.truststore.password = null
	ssl.truststore.type = JKS
	value.deserializer = class org.apache.kafka.common.serialization.StringDeserializer

21:53:26.917 [main] INFO  org.apache.kafka.common.utils.AppInfoParser - Kafka version: 3.6.2
21:53:26.917 [main] INFO  org.apache.kafka.common.utils.AppInfoParser - Kafka commitId: c4deed513057c94e
21:53:26.917 [main] INFO  org.apache.kafka.common.utils.AppInfoParser - Kafka startTimeMs: 1718826806913
21:53:26.918 [main] INFO  org.apache.kafka.clients.consumer.KafkaConsumer - [Consumer clientId=consumer-pssng-1, groupId=pssng] Subscribed to topic(s): cache_loader
21:53:26.918 [main] INFO  it.pssng.cache.kafka.KafkaStringConsumer - Kafka consumer [String] initialized
21:53:26.918 [main] INFO  it.pssng.cache.kafka.KafkaStringConsumer - Kafka [String] is listening..
21:53:26.994 [main] INFO  org.apache.kafka.clients.NetworkClient - [Consumer clientId=consumer-pssng-1, groupId=pssng] Node -1 disconnected.
21:53:26.995 [main] WARN  org.apache.kafka.clients.NetworkClient - [Consumer clientId=consumer-pssng-1, groupId=pssng] Connection to node -1 (localhost/127.0.0.1:9999) could not be established. Broker may not be available.
21:53:26.995 [main] WARN  org.apache.kafka.clients.NetworkClient - [Consumer clientId=consumer-pssng-1, groupId=pssng] Bootstrap broker localhost:9999 (id: -1 rack: null) disconnected
21:53:27.095 [main] INFO  org.apache.kafka.clients.NetworkClient - [Consumer clientId=consumer-pssng-1, groupId=pssng] Node -1 disconnected.
21:53:27.095 [main] WARN  org.apache.kafka.clients.NetworkClient - [Consumer clientId=consumer-pssng-1, groupId=pssng] Connection to node -1 (localhost/127.0.0.1:9999) could not be established. Broker may not be available.
21:53:27.096 [main] WARN  org.apache.kafka.clients.NetworkClient - [Consumer clientId=consumer-pssng-1, groupId=pssng] Bootstrap broker localhost:9999 (id: -1 rack: null) disconnected
21:53:27.248 [main] INFO  org.apache.kafka.clients.NetworkClient - [Consumer clientId=consumer-pssng-1, groupId=pssng] Node -1 disconnected.
21:53:27.248 [main] WARN  org.apache.kafka.clients.NetworkClient - [Consumer clientId=consumer-pssng-1, groupId=pssng] Connection to node -1 (localhost/127.0.0.1:9999) could not be established. Broker may not be available.
21:53:27.248 [main] WARN  org.apache.kafka.clients.NetworkClient - [Consumer clientId=consumer-pssng-1, groupId=pssng] Bootstrap broker localhost:9999 (id: -1 rack: null) disconnected
21:53:27.453 [main] INFO  org.apache.kafka.clients.NetworkClient - [Consumer clientId=consumer-pssng-1, groupId=pssng] Node -1 disconnected.
21:53:27.453 [main] WARN  org.apache.kafka.clients.NetworkClient - [Consumer clientId=consumer-pssng-1, groupId=pssng] Connection to node -1 (localhost/127.0.0.1:9999) could not be established. Broker may not be available.
21:53:27.453 [main] WARN  org.apache.kafka.clients.NetworkClient - [Consumer clientId=consumer-pssng-1, groupId=pssng] Bootstrap broker localhost:9999 (id: -1 rack: null) disconnected
21:53:27.812 [main] INFO  org.apache.kafka.clients.NetworkClient - [Consumer clientId=consumer-pssng-1, groupId=pssng] Node -1 disconnected.
21:53:27.813 [main] WARN  org.apache.kafka.clients.NetworkClient - [Consumer clientId=consumer-pssng-1, groupId=pssng] Connection to node -1 (localhost/127.0.0.1:9999) could not be established. Broker may not be available.
21:53:27.813 [main] WARN  org.apache.kafka.clients.NetworkClient - [Consumer clientId=consumer-pssng-1, groupId=pssng] Bootstrap broker localhost:9999 (id: -1 rack: null) disconnected
21:53:28.594 [main] INFO  org.apache.kafka.clients.NetworkClient - [Consumer clientId=consumer-pssng-1, groupId=pssng] Node -1 disconnected.
21:53:28.595 [main] WARN  org.apache.kafka.clients.NetworkClient - [Consumer clientId=consumer-pssng-1, groupId=pssng] Connection to node -1 (localhost/127.0.0.1:9999) could not be established. Broker may not be available.
21:53:28.595 [main] WARN  org.apache.kafka.clients.NetworkClient - [Consumer clientId=consumer-pssng-1, groupId=pssng] Bootstrap broker localhost:9999 (id: -1 rack: null) disconnected
21:53:29.648 [main] INFO  org.apache.kafka.clients.NetworkClient - [Consumer clientId=consumer-pssng-1, groupId=pssng] Node -1 disconnected.
21:53:29.649 [main] WARN  org.apache.kafka.clients.NetworkClient - [Consumer clientId=consumer-pssng-1, groupId=pssng] Connection to node -1 (localhost/127.0.0.1:9999) could not be established. Broker may not be available.
21:53:29.649 [main] WARN  org.apache.kafka.clients.NetworkClient - [Consumer clientId=consumer-pssng-1, groupId=pssng] Bootstrap broker localhost:9999 (id: -1 rack: null) disconnected
21:53:30.701 [main] INFO  org.apache.kafka.clients.NetworkClient - [Consumer clientId=consumer-pssng-1, groupId=pssng] Node -1 disconnected.
21:53:30.702 [main] WARN  org.apache.kafka.clients.NetworkClient - [Consumer clientId=consumer-pssng-1, groupId=pssng] Connection to node -1 (localhost/127.0.0.1:9999) could not be established. Broker may not be available.
21:53:30.702 [main] WARN  org.apache.kafka.clients.NetworkClient - [Consumer clientId=consumer-pssng-1, groupId=pssng] Bootstrap broker localhost:9999 (id: -1 rack: null) disconnected
21:53:31.702 [main] INFO  org.apache.kafka.clients.NetworkClient - [Consumer clientId=consumer-pssng-1, groupId=pssng] Node -1 disconnected.
21:53:31.703 [main] WARN  org.apache.kafka.clients.NetworkClient - [Consumer clientId=consumer-pssng-1, groupId=pssng] Connection to node -1 (localhost/127.0.0.1:9999) could not be established. Broker may not be available.
21:53:31.703 [main] WARN  org.apache.kafka.clients.NetworkClient - [Consumer clientId=consumer-pssng-1, groupId=pssng] Bootstrap broker localhost:9999 (id: -1 rack: null) disconnected
21:53:32.752 [main] INFO  org.apache.kafka.clients.NetworkClient - [Consumer clientId=consumer-pssng-1, groupId=pssng] Node -1 disconnected.
21:53:32.752 [main] WARN  org.apache.kafka.clients.NetworkClient - [Consumer clientId=consumer-pssng-1, groupId=pssng] Connection to node -1 (localhost/127.0.0.1:9999) could not be established. Broker may not be available.
21:53:32.752 [main] WARN  org.apache.kafka.clients.NetworkClient - [Consumer clientId=consumer-pssng-1, groupId=pssng] Bootstrap broker localhost:9999 (id: -1 rack: null) disconnected
21:53:33.653 [main] INFO  org.apache.kafka.clients.NetworkClient - [Consumer clientId=consumer-pssng-1, groupId=pssng] Node -1 disconnected.
21:53:33.654 [main] WARN  org.apache.kafka.clients.NetworkClient - [Consumer clientId=consumer-pssng-1, groupId=pssng] Connection to node -1 (localhost/127.0.0.1:9999) could not be established. Broker may not be available.
21:53:33.654 [main] WARN  org.apache.kafka.clients.NetworkClient - [Consumer clientId=consumer-pssng-1, groupId=pssng] Bootstrap broker localhost:9999 (id: -1 rack: null) disconnected
