22:29:13.326 [main] INFO  Main - Starting PSSNG Cache Service..
22:29:13.361 [main] INFO  org.apache.kafka.clients.consumer.ConsumerConfig - ConsumerConfig values: 
	allow.auto.create.topics = true
	auto.commit.interval.ms = 5000
	auto.include.jmx.reporter = true
	auto.offset.reset = earliest
	bootstrap.servers = [localhost:9999]
	check.crcs = true
	client.dns.lookup = use_all_dns_ips
	client.id = consumer-pssng-1
	client.rack = 
	connections.max.idle.ms = 540000
	default.api.timeout.ms = 60000
	enable.auto.commit = true
	exclude.internal.topics = true
	fetch.max.bytes = 52428800
	fetch.max.wait.ms = 500
	fetch.min.bytes = 1
	group.id = pssng
	group.instance.id = null
	heartbeat.interval.ms = 3000
	interceptor.classes = []
	internal.leave.group.on.close = true
	internal.throw.on.fetch.stable.offset.unsupported = false
	isolation.level = read_uncommitted
	key.deserializer = class org.apache.kafka.common.serialization.StringDeserializer
	max.partition.fetch.bytes = 1048576
	max.poll.interval.ms = 300000
	max.poll.records = 500
	metadata.max.age.ms = 300000
	metric.reporters = []
	metrics.num.samples = 2
	metrics.recording.level = INFO
	metrics.sample.window.ms = 30000
	partition.assignment.strategy = [class org.apache.kafka.clients.consumer.RangeAssignor, class org.apache.kafka.clients.consumer.CooperativeStickyAssignor]
	receive.buffer.bytes = 65536
	reconnect.backoff.max.ms = 1000
	reconnect.backoff.ms = 50
	request.timeout.ms = 30000
	retry.backoff.ms = 100
	sasl.client.callback.handler.class = null
	sasl.jaas.config = null
	sasl.kerberos.kinit.cmd = /usr/bin/kinit
	sasl.kerberos.min.time.before.relogin = 60000
	sasl.kerberos.service.name = null
	sasl.kerberos.ticket.renew.jitter = 0.05
	sasl.kerberos.ticket.renew.window.factor = 0.8
	sasl.login.callback.handler.class = null
	sasl.login.class = null
	sasl.login.connect.timeout.ms = null
	sasl.login.read.timeout.ms = null
	sasl.login.refresh.buffer.seconds = 300
	sasl.login.refresh.min.period.seconds = 60
	sasl.login.refresh.window.factor = 0.8
	sasl.login.refresh.window.jitter = 0.05
	sasl.login.retry.backoff.max.ms = 10000
	sasl.login.retry.backoff.ms = 100
	sasl.mechanism = GSSAPI
	sasl.oauthbearer.clock.skew.seconds = 30
	sasl.oauthbearer.expected.audience = null
	sasl.oauthbearer.expected.issuer = null
	sasl.oauthbearer.jwks.endpoint.refresh.ms = 3600000
	sasl.oauthbearer.jwks.endpoint.retry.backoff.max.ms = 10000
	sasl.oauthbearer.jwks.endpoint.retry.backoff.ms = 100
	sasl.oauthbearer.jwks.endpoint.url = null
	sasl.oauthbearer.scope.claim.name = scope
	sasl.oauthbearer.sub.claim.name = sub
	sasl.oauthbearer.token.endpoint.url = null
	security.protocol = PLAINTEXT
	security.providers = null
	send.buffer.bytes = 131072
	session.timeout.ms = 45000
	socket.connection.setup.timeout.max.ms = 30000
	socket.connection.setup.timeout.ms = 10000
	ssl.cipher.suites = null
	ssl.enabled.protocols = [TLSv1.2, TLSv1.3]
	ssl.endpoint.identification.algorithm = https
	ssl.engine.factory.class = null
	ssl.key.password = null
	ssl.keymanager.algorithm = SunX509
	ssl.keystore.certificate.chain = null
	ssl.keystore.key = null
	ssl.keystore.location = null
	ssl.keystore.password = null
	ssl.keystore.type = JKS
	ssl.protocol = TLSv1.3
	ssl.provider = null
	ssl.secure.random.implementation = null
	ssl.trustmanager.algorithm = PKIX
	ssl.truststore.certificates = null
	ssl.truststore.location = null
	ssl.truststore.password = null
	ssl.truststore.type = JKS
	value.deserializer = class org.apache.kafka.common.serialization.StringDeserializer

22:29:13.400 [main] INFO  org.apache.kafka.common.utils.AppInfoParser - Kafka version: 3.6.2
22:29:13.400 [main] INFO  org.apache.kafka.common.utils.AppInfoParser - Kafka commitId: c4deed513057c94e
22:29:13.400 [main] INFO  org.apache.kafka.common.utils.AppInfoParser - Kafka startTimeMs: 1718915353396
22:29:13.401 [main] INFO  org.apache.kafka.clients.consumer.KafkaConsumer - [Consumer clientId=consumer-pssng-1, groupId=pssng] Subscribed to topic(s): cache_loader
22:29:13.401 [main] INFO  it.pssng.cache.kafka.KafkaStringConsumer - Kafka consumer [String] initialized
22:29:13.401 [main] INFO  it.pssng.cache.kafka.KafkaStringConsumer - Kafka [String] is listening..
22:29:13.489 [main] INFO  org.apache.kafka.clients.NetworkClient - [Consumer clientId=consumer-pssng-1, groupId=pssng] Node -1 disconnected.
22:29:13.490 [main] WARN  org.apache.kafka.clients.NetworkClient - [Consumer clientId=consumer-pssng-1, groupId=pssng] Connection to node -1 (localhost/127.0.0.1:9999) could not be established. Broker may not be available.
22:29:13.490 [main] WARN  org.apache.kafka.clients.NetworkClient - [Consumer clientId=consumer-pssng-1, groupId=pssng] Bootstrap broker localhost:9999 (id: -1 rack: null) disconnected
22:29:13.590 [main] INFO  org.apache.kafka.clients.NetworkClient - [Consumer clientId=consumer-pssng-1, groupId=pssng] Node -1 disconnected.
22:29:13.591 [main] WARN  org.apache.kafka.clients.NetworkClient - [Consumer clientId=consumer-pssng-1, groupId=pssng] Connection to node -1 (localhost/127.0.0.1:9999) could not be established. Broker may not be available.
22:29:13.591 [main] WARN  org.apache.kafka.clients.NetworkClient - [Consumer clientId=consumer-pssng-1, groupId=pssng] Bootstrap broker localhost:9999 (id: -1 rack: null) disconnected
22:29:13.692 [main] INFO  org.apache.kafka.clients.NetworkClient - [Consumer clientId=consumer-pssng-1, groupId=pssng] Node -1 disconnected.
22:29:13.692 [main] WARN  org.apache.kafka.clients.NetworkClient - [Consumer clientId=consumer-pssng-1, groupId=pssng] Connection to node -1 (localhost/127.0.0.1:9999) could not be established. Broker may not be available.
22:29:13.692 [main] WARN  org.apache.kafka.clients.NetworkClient - [Consumer clientId=consumer-pssng-1, groupId=pssng] Bootstrap broker localhost:9999 (id: -1 rack: null) disconnected
22:29:13.897 [main] INFO  org.apache.kafka.clients.NetworkClient - [Consumer clientId=consumer-pssng-1, groupId=pssng] Node -1 disconnected.
22:29:13.898 [main] WARN  org.apache.kafka.clients.NetworkClient - [Consumer clientId=consumer-pssng-1, groupId=pssng] Connection to node -1 (localhost/127.0.0.1:9999) could not be established. Broker may not be available.
22:29:13.898 [main] WARN  org.apache.kafka.clients.NetworkClient - [Consumer clientId=consumer-pssng-1, groupId=pssng] Bootstrap broker localhost:9999 (id: -1 rack: null) disconnected
22:29:14.404 [main] INFO  org.apache.kafka.clients.NetworkClient - [Consumer clientId=consumer-pssng-1, groupId=pssng] Node -1 disconnected.
22:29:14.404 [main] WARN  org.apache.kafka.clients.NetworkClient - [Consumer clientId=consumer-pssng-1, groupId=pssng] Connection to node -1 (localhost/127.0.0.1:9999) could not be established. Broker may not be available.
22:29:14.404 [main] WARN  org.apache.kafka.clients.NetworkClient - [Consumer clientId=consumer-pssng-1, groupId=pssng] Bootstrap broker localhost:9999 (id: -1 rack: null) disconnected
22:29:15.071 [main] INFO  org.apache.kafka.clients.NetworkClient - [Consumer clientId=consumer-pssng-1, groupId=pssng] Node -1 disconnected.
22:29:15.072 [main] WARN  org.apache.kafka.clients.NetworkClient - [Consumer clientId=consumer-pssng-1, groupId=pssng] Connection to node -1 (localhost/127.0.0.1:9999) could not be established. Broker may not be available.
22:29:15.072 [main] WARN  org.apache.kafka.clients.NetworkClient - [Consumer clientId=consumer-pssng-1, groupId=pssng] Bootstrap broker localhost:9999 (id: -1 rack: null) disconnected
22:29:16.023 [main] INFO  org.apache.kafka.clients.NetworkClient - [Consumer clientId=consumer-pssng-1, groupId=pssng] Node -1 disconnected.
22:29:16.024 [main] WARN  org.apache.kafka.clients.NetworkClient - [Consumer clientId=consumer-pssng-1, groupId=pssng] Connection to node -1 (localhost/127.0.0.1:9999) could not be established. Broker may not be available.
22:29:16.024 [main] WARN  org.apache.kafka.clients.NetworkClient - [Consumer clientId=consumer-pssng-1, groupId=pssng] Bootstrap broker localhost:9999 (id: -1 rack: null) disconnected
22:29:16.973 [main] INFO  org.apache.kafka.clients.NetworkClient - [Consumer clientId=consumer-pssng-1, groupId=pssng] Node -1 disconnected.
22:29:16.973 [main] WARN  org.apache.kafka.clients.NetworkClient - [Consumer clientId=consumer-pssng-1, groupId=pssng] Connection to node -1 (localhost/127.0.0.1:9999) could not be established. Broker may not be available.
22:29:16.973 [main] WARN  org.apache.kafka.clients.NetworkClient - [Consumer clientId=consumer-pssng-1, groupId=pssng] Bootstrap broker localhost:9999 (id: -1 rack: null) disconnected
22:29:17.871 [main] INFO  org.apache.kafka.clients.NetworkClient - [Consumer clientId=consumer-pssng-1, groupId=pssng] Node -1 disconnected.
22:29:17.871 [main] WARN  org.apache.kafka.clients.NetworkClient - [Consumer clientId=consumer-pssng-1, groupId=pssng] Connection to node -1 (localhost/127.0.0.1:9999) could not be established. Broker may not be available.
22:29:17.871 [main] WARN  org.apache.kafka.clients.NetworkClient - [Consumer clientId=consumer-pssng-1, groupId=pssng] Bootstrap broker localhost:9999 (id: -1 rack: null) disconnected
22:29:19.029 [main] INFO  org.apache.kafka.clients.NetworkClient - [Consumer clientId=consumer-pssng-1, groupId=pssng] Node -1 disconnected.
22:29:19.030 [main] WARN  org.apache.kafka.clients.NetworkClient - [Consumer clientId=consumer-pssng-1, groupId=pssng] Connection to node -1 (localhost/127.0.0.1:9999) could not be established. Broker may not be available.
22:29:19.030 [main] WARN  org.apache.kafka.clients.NetworkClient - [Consumer clientId=consumer-pssng-1, groupId=pssng] Bootstrap broker localhost:9999 (id: -1 rack: null) disconnected
